0 info it worked if it ends with ok
1 verbose cli [ 'node', '/usr/local/bin/npm', 'start' ]
2 info using npm@2.1.9
3 info using node@v0.10.33
4 verbose node symlink /usr/local/bin/node
5 verbose run-script [ 'prestart', 'start', 'poststart' ]
6 info prestart rangelworks.com@0.1.0
7 info start rangelworks.com@0.1.0
8 verbose unsafe-perm in lifecycle true
9 info rangelworks.com@0.1.0 Failed to exec start script
10 verbose stack Error: rangelworks.com@0.1.0 start: `ws -d www 8888`
10 verbose stack Exit status 1
10 verbose stack     at EventEmitter.<anonymous> (/usr/local/lib/node_modules/npm/lib/utils/lifecycle.js:212:16)
10 verbose stack     at EventEmitter.emit (events.js:98:17)
10 verbose stack     at ChildProcess.<anonymous> (/usr/local/lib/node_modules/npm/lib/utils/spawn.js:14:12)
10 verbose stack     at ChildProcess.emit (events.js:98:17)
10 verbose stack     at maybeClose (child_process.js:756:16)
10 verbose stack     at Process.ChildProcess._handle.onexit (child_process.js:823:5)
11 verbose pkgid rangelworks.com@0.1.0
12 verbose cwd /Users/Vesper/Desktop/rangelworks
13 error Darwin 14.5.0
14 error argv "node" "/usr/local/bin/npm" "start"
15 error node v0.10.33
16 error npm  v2.1.9
17 error code ELIFECYCLE
18 error rangelworks.com@0.1.0 start: `ws -d www 8888`
18 error Exit status 1
19 error Failed at the rangelworks.com@0.1.0 start script 'ws -d www 8888'.
19 error This is most likely a problem with the rangelworks.com package,
19 error not with npm itself.
19 error Tell the author that this fails on your system:
19 error     ws -d www 8888
19 error You can get their info via:
19 error     npm owner ls rangelworks.com
19 error There is likely additional logging output above.
20 verbose exit [ 1, true ]
